<?xml version="1.0" encoding="utf-8"?>
<!DOCTYPE coverage SYSTEM "http://cobertura.sourceforge.net/xml/coverage-04.dtd">
<coverage line-rate="0.9680851063829787" branch-rate="0.96875" lines-covered="91" lines-valid="94" branches-covered="31" branches-valid="32" complexity="38" version="0" timestamp="1623428941">
  <sources>
    <source>C:\Users\Michaltchuk\source\repos\NumerosRomanos\NumerosRomanos.ConsoleApp\</source>
  </sources>
  <packages>
    <package name="NumerosRomanos.ConsoleApp" line-rate="0.9680851063829787" branch-rate="0.96875" complexity="38">
      <classes>
        <class name="NumerosRomanos.ConsoleApp.ArabicosParaRomanos" filename="C:\Users\Michaltchuk\source\repos\NumerosRomanos\NumerosRomanos.ConsoleApp\ArabicosParaRomanos.cs" line-rate="1" branch-rate="1" complexity="18">
          <methods>
            <method name="ConverterParaRomano" signature="()" line-rate="1" branch-rate="1" complexity="2">
              <lines>
                <line number="14" hits="39" branch="false" />
                <line number="15" hits="39" branch="false" />
                <line number="16" hits="39" branch="true" condition-coverage="100% (2/2)" />
                <line number="17" hits="35" branch="false" />
                <line number="18" hits="35" branch="false" />
                <line number="19" hits="35" branch="false" />
                <line number="22" hits="4" branch="false" />
                <line number="23" hits="39" branch="false" />
              </lines>
            </method>
            <method name="TransformarEmNumerosRomanos" signature="(...)" line-rate="1" branch-rate="1" complexity="4">
              <lines>
                <line number="26" hits="159" branch="false" />
                <line number="27" hits="5289" branch="true" condition-coverage="100% (2/2)" />
                <line number="28" hits="2468" branch="false" />
                <line number="29" hits="2592" branch="true" condition-coverage="100% (2/2)" />
                <line number="30" hits="2344" branch="false" />
                <line number="31" hits="35" branch="false" />
                <line number="32" hits="159" branch="false" />
              </lines>
            </method>
            <method name="GerarDicionarioArabicoParaRomano" signature="()" line-rate="1" branch-rate="1" complexity="1">
              <lines>
                <line number="35" hits="39" branch="false" />
                <line number="36" hits="39" branch="false" />
                <line number="37" hits="39" branch="false" />
                <line number="38" hits="39" branch="false" />
                <line number="39" hits="39" branch="false" />
                <line number="40" hits="39" branch="false" />
                <line number="41" hits="39" branch="false" />
                <line number="42" hits="39" branch="false" />
                <line number="43" hits="39" branch="false" />
                <line number="44" hits="39" branch="false" />
              </lines>
            </method>
            <method name="Validar" signature="()" line-rate="1" branch-rate="1" complexity="10">
              <lines>
                <line number="47" hits="43" branch="false" />
                <line number="48" hits="355" branch="true" condition-coverage="100% (2/2)" />
                <line number="49" hits="114" branch="false" />
                <line number="50" hits="114" branch="true" condition-coverage="100% (2/2)" />
                <line number="51" hits="2" branch="false" />
                <line number="52" hits="112" branch="false" />
                <line number="53" hits="41" branch="true" condition-coverage="100% (2/2)" />
                <line number="54" hits="2" branch="false" />
                <line number="55" hits="39" branch="true" condition-coverage="100% (2/2)" />
                <line number="56" hits="2" branch="false" />
                <line number="57" hits="37" branch="true" condition-coverage="100% (2/2)" />
                <line number="58" hits="2" branch="false" />
                <line number="59" hits="35" branch="false" />
                <line number="60" hits="43" branch="false" />
              </lines>
            </method>
            <method name=".ctor" signature="()" line-rate="1" branch-rate="1" complexity="1">
              <lines>
                <line number="11" hits="39" branch="false" />
              </lines>
            </method>
          </methods>
          <lines>
            <line number="11" hits="39" branch="false" />
            <line number="14" hits="39" branch="false" />
            <line number="15" hits="39" branch="false" />
            <line number="16" hits="39" branch="true" condition-coverage="100% (2/2)" />
            <line number="17" hits="35" branch="false" />
            <line number="18" hits="35" branch="false" />
            <line number="19" hits="35" branch="false" />
            <line number="22" hits="4" branch="false" />
            <line number="23" hits="39" branch="false" />
            <line number="26" hits="159" branch="false" />
            <line number="27" hits="5289" branch="true" condition-coverage="100% (2/2)" />
            <line number="28" hits="2468" branch="false" />
            <line number="29" hits="2592" branch="true" condition-coverage="100% (2/2)" />
            <line number="30" hits="2344" branch="false" />
            <line number="31" hits="35" branch="false" />
            <line number="32" hits="159" branch="false" />
            <line number="35" hits="39" branch="false" />
            <line number="36" hits="39" branch="false" />
            <line number="37" hits="39" branch="false" />
            <line number="38" hits="39" branch="false" />
            <line number="39" hits="39" branch="false" />
            <line number="40" hits="39" branch="false" />
            <line number="41" hits="39" branch="false" />
            <line number="42" hits="39" branch="false" />
            <line number="43" hits="39" branch="false" />
            <line number="44" hits="39" branch="false" />
            <line number="47" hits="43" branch="false" />
            <line number="48" hits="355" branch="true" condition-coverage="100% (2/2)" />
            <line number="49" hits="114" branch="false" />
            <line number="50" hits="114" branch="true" condition-coverage="100% (2/2)" />
            <line number="51" hits="2" branch="false" />
            <line number="52" hits="112" branch="false" />
            <line number="53" hits="41" branch="true" condition-coverage="100% (2/2)" />
            <line number="54" hits="2" branch="false" />
            <line number="55" hits="39" branch="true" condition-coverage="100% (2/2)" />
            <line number="56" hits="2" branch="false" />
            <line number="57" hits="37" branch="true" condition-coverage="100% (2/2)" />
            <line number="58" hits="2" branch="false" />
            <line number="59" hits="35" branch="false" />
            <line number="60" hits="43" branch="false" />
          </lines>
        </class>
        <class name="NumerosRomanos.ConsoleApp.Program" filename="C:\Users\Michaltchuk\source\repos\NumerosRomanos\NumerosRomanos.ConsoleApp\Program.cs" line-rate="0" branch-rate="1" complexity="1">
          <methods>
            <method name="Main" signature="(...)" line-rate="0" branch-rate="1" complexity="1">
              <lines>
                <line number="12" hits="0" branch="false" />
                <line number="13" hits="0" branch="false" />
              </lines>
            </method>
          </methods>
          <lines>
            <line number="12" hits="0" branch="false" />
            <line number="13" hits="0" branch="false" />
          </lines>
        </class>
        <class name="NumerosRomanos.ConsoleApp.RomanosParaArabicos" filename="C:\Users\Michaltchuk\source\repos\NumerosRomanos\NumerosRomanos.ConsoleApp\RomanosParaArabicos.cs" line-rate="0.9807692307692307" branch-rate="0.9375" complexity="19">
          <methods>
            <method name="ConverterParaArabico" signature="()" line-rate="1" branch-rate="1" complexity="6">
              <lines>
                <line number="14" hits="42" branch="false" />
                <line number="15" hits="42" branch="false" />
                <line number="17" hits="42" branch="false" />
                <line number="18" hits="42" branch="false" />
                <line number="19" hits="42" branch="false" />
                <line number="20" hits="42" branch="true" condition-coverage="100% (2/2)" />
                <line number="21" hits="39" branch="false" />
                <line number="22" hits="459" branch="true" condition-coverage="100% (2/2)" />
                <line number="23" hits="171" branch="false" />
                <line number="24" hits="171" branch="false" />
                <line number="25" hits="171" branch="true" condition-coverage="100% (2/2)" />
                <line number="26" hits="28" branch="false" />
                <line number="27" hits="28" branch="false" />
                <line number="28" hits="28" branch="false" />
                <line number="29" hits="28" branch="false" />
                <line number="31" hits="143" branch="false" />
                <line number="32" hits="171" branch="false" />
                <line number="33" hits="171" branch="false" />
                <line number="34" hits="39" branch="false" />
                <line number="37" hits="3" branch="false" />
                <line number="38" hits="42" branch="false" />
              </lines>
            </method>
            <method name="TrocarCaracteresEspeciais" signature="()" line-rate="1" branch-rate="1" complexity="1">
              <lines>
                <line number="41" hits="42" branch="false" />
                <line number="42" hits="42" branch="false" />
                <line number="43" hits="42" branch="false" />
                <line number="44" hits="42" branch="false" />
                <line number="45" hits="42" branch="false" />
              </lines>
            </method>
            <method name="TransformarEmNumerosArabicos" signature="(...)" line-rate="0.8" branch-rate="0.5" complexity="2">
              <lines>
                <line number="48" hits="171" branch="false" />
                <line number="49" hits="171" branch="true" condition-coverage="50% (1/2)" />
                <line number="50" hits="171" branch="false" />
                <line number="51" hits="0" branch="false" />
                <line number="52" hits="171" branch="false" />
              </lines>
            </method>
            <method name="GerarDicionarioRomanoParaArabico" signature="()" line-rate="1" branch-rate="1" complexity="1">
              <lines>
                <line number="55" hits="42" branch="false" />
                <line number="56" hits="42" branch="false" />
                <line number="57" hits="42" branch="false" />
                <line number="58" hits="42" branch="false" />
                <line number="59" hits="42" branch="false" />
                <line number="60" hits="42" branch="false" />
                <line number="61" hits="42" branch="false" />
                <line number="62" hits="42" branch="false" />
              </lines>
            </method>
            <method name="Validar" signature="()" line-rate="1" branch-rate="1" complexity="8">
              <lines>
                <line number="65" hits="45" branch="false" />
                <line number="67" hits="45" branch="true" condition-coverage="100% (2/2)" />
                <line number="68" hits="2" branch="false" />
                <line number="69" hits="43" branch="true" condition-coverage="100% (2/2)" />
                <line number="70" hits="2" branch="false" />
                <line number="71" hits="467" branch="true" condition-coverage="100% (2/2)" />
                <line number="72" hits="173" branch="false" />
                <line number="73" hits="173" branch="true" condition-coverage="100% (2/2)" />
                <line number="74" hits="2" branch="false" />
                <line number="75" hits="171" branch="false" />
                <line number="76" hits="39" branch="false" />
                <line number="77" hits="45" branch="false" />
              </lines>
            </method>
            <method name=".ctor" signature="()" line-rate="1" branch-rate="1" complexity="1">
              <lines>
                <line number="11" hits="42" branch="false" />
              </lines>
            </method>
          </methods>
          <lines>
            <line number="11" hits="42" branch="false" />
            <line number="14" hits="42" branch="false" />
            <line number="15" hits="42" branch="false" />
            <line number="17" hits="42" branch="false" />
            <line number="18" hits="42" branch="false" />
            <line number="19" hits="42" branch="false" />
            <line number="20" hits="42" branch="true" condition-coverage="100% (2/2)" />
            <line number="21" hits="39" branch="false" />
            <line number="22" hits="459" branch="true" condition-coverage="100% (2/2)" />
            <line number="23" hits="171" branch="false" />
            <line number="24" hits="171" branch="false" />
            <line number="25" hits="171" branch="true" condition-coverage="100% (2/2)" />
            <line number="26" hits="28" branch="false" />
            <line number="27" hits="28" branch="false" />
            <line number="28" hits="28" branch="false" />
            <line number="29" hits="28" branch="false" />
            <line number="31" hits="143" branch="false" />
            <line number="32" hits="171" branch="false" />
            <line number="33" hits="171" branch="false" />
            <line number="34" hits="39" branch="false" />
            <line number="37" hits="3" branch="false" />
            <line number="38" hits="42" branch="false" />
            <line number="41" hits="42" branch="false" />
            <line number="42" hits="42" branch="false" />
            <line number="43" hits="42" branch="false" />
            <line number="44" hits="42" branch="false" />
            <line number="45" hits="42" branch="false" />
            <line number="48" hits="171" branch="false" />
            <line number="49" hits="171" branch="true" condition-coverage="50% (1/2)" />
            <line number="50" hits="171" branch="false" />
            <line number="51" hits="0" branch="false" />
            <line number="52" hits="171" branch="false" />
            <line number="55" hits="42" branch="false" />
            <line number="56" hits="42" branch="false" />
            <line number="57" hits="42" branch="false" />
            <line number="58" hits="42" branch="false" />
            <line number="59" hits="42" branch="false" />
            <line number="60" hits="42" branch="false" />
            <line number="61" hits="42" branch="false" />
            <line number="62" hits="42" branch="false" />
            <line number="65" hits="45" branch="false" />
            <line number="67" hits="45" branch="true" condition-coverage="100% (2/2)" />
            <line number="68" hits="2" branch="false" />
            <line number="69" hits="43" branch="true" condition-coverage="100% (2/2)" />
            <line number="70" hits="2" branch="false" />
            <line number="71" hits="467" branch="true" condition-coverage="100% (2/2)" />
            <line number="72" hits="173" branch="false" />
            <line number="73" hits="173" branch="true" condition-coverage="100% (2/2)" />
            <line number="74" hits="2" branch="false" />
            <line number="75" hits="171" branch="false" />
            <line number="76" hits="39" branch="false" />
            <line number="77" hits="45" branch="false" />
          </lines>
        </class>
      </classes>
    </package>
  </packages>
</coverage>